\BOOKMARK [1][-]{section.1}{\376\377\230\171\166\356\133\232\117\115\116\016\225\356\230\230\133\232\116\111}{}% 1
\BOOKMARK [2][-]{subsection.1.1}{\376\377\230\171\166\356\217\271\165\114\377\032\127\050\176\277\116\011\176\364\221\315\136\372\116\015\146\057\133\214\145\164\000\040\000S\000L\000A\000M}{section.1}% 2
\BOOKMARK [2][-]{subsection.1.2}{\376\377\230\171\166\356\166\356\150\007}{section.1}% 3
\BOOKMARK [2][-]{subsection.1.3}{\376\377\116\072\116\300\116\110\137\123\122\115\123\125\116\000\127\050\176\277\162\266\140\001\116\315\161\066\116\015\131\037}{section.1}% 4
\BOOKMARK [1][-]{section.2}{\376\377\166\370\121\163\135\345\117\134\116\016\213\276\213\241\123\237\122\031}{}% 5
\BOOKMARK [2][-]{subsection.2.1}{\376\377\142\052\201\363\000\040\0002\0000\0002\0006\000-\0000\0004\000-\0000\0005\000\040\166\204\121\163\225\056\166\370\121\163\135\345\117\134}{section.2}% 6
\BOOKMARK [2][-]{subsection.2.2}{\376\377\116\224\147\141\213\276\213\241\123\237\122\031}{section.2}% 7
\BOOKMARK [1][-]{section.3}{\376\377\145\164\117\123\145\271\150\110\377\032\000H\000M\000R\0003\000D}{}% 8
\BOOKMARK [2][-]{subsection.3.1}{\376\377\145\271\154\325\151\202\217\360}{section.3}% 9
\BOOKMARK [2][-]{subsection.3.2}{\376\377\162\266\140\001\133\232\116\111}{section.3}% 10
\BOOKMARK [2][-]{subsection.3.3}{\376\377\000t\000o\000k\000e\000n\000\040\174\173\127\213\213\276\213\241}{section.3}% 11
\BOOKMARK [2][-]{subsection.3.4}{\376\377\167\355\172\013\134\102\377\032\000V\000G\000G\000T\000\040\230\316\150\074\134\100\220\350\232\330\174\276\136\246\000\040\000+\000\040\000L\000o\000G\000o\000P\000l\000a\000n\000n\000e\000r\000\040\230\316\150\074\147\345\213\342\213\373\121\372}{section.3}% 12
\BOOKMARK [3][-]{subsubsection.3.4.1}{\376\377\167\355\172\013\134\102\176\323\147\204}{subsection.3.4}% 13
\BOOKMARK [3][-]{subsubsection.3.4.2}{\376\377\217\223\121\145\177\026\170\001\116\016\134\100\220\350\135\345\117\134\155\101}{subsection.3.4}% 14
\BOOKMARK [3][-]{subsubsection.3.4.3}{\376\377\000V\000G\000G\000T\000\040\127\050\167\355\172\013\134\102\116\055\166\204\117\134\165\050}{subsection.3.4}% 15
\BOOKMARK [2][-]{subsection.3.5}{\376\377\155\073\122\250\134\102\377\032\000T\000T\000T\0003\000R\000\040\230\316\150\074\121\231\121\145\000\040\000+\000\040\000O\000V\000G\000G\000T\000\040\230\316\150\074\230\204\173\227\143\247\122\066}{section.3}% 16
\BOOKMARK [3][-]{subsubsection.3.5.1}{\376\377\155\073\122\250\134\102\176\323\147\204}{subsection.3.5}% 17
\BOOKMARK [3][-]{subsubsection.3.5.2}{\376\377\000T\000T\000T\0003\000R\000\040\230\316\150\074\166\204\121\231\121\145\211\304\122\031}{subsection.3.5}% 18
\BOOKMARK [3][-]{subsubsection.3.5.3}{\376\377\000O\000V\000G\000G\000T\000\040\230\316\150\074\166\204\221\315\211\201\140\047\213\304\122\006\116\016\000\040\000a\000n\000c\000h\000o\000r\000\040\117\335\142\244}{subsection.3.5}% 19
\BOOKMARK [2][-]{subsection.3.6}{\376\377\137\122\150\143\134\102\377\032\000M\000E\000R\000G\0003\000R\000\040\230\316\150\074\133\120\126\376\176\304\176\307\060\001\150\300\175\042\116\016\140\142\131\015}{section.3}% 20
\BOOKMARK [3][-]{subsubsection.3.6.1}{\376\377\133\120\126\376\210\150\171\072}{subsection.3.6}% 21
\BOOKMARK [3][-]{subsubsection.3.6.2}{\376\377\000L\000o\000G\000o\000P\000l\000a\000n\000n\000e\000r\000\040\230\316\150\074\166\204\144\130\211\201\137\142\142\020}{subsection.3.6}% 22
\BOOKMARK [3][-]{subsubsection.3.6.3}{\376\377\137\122\150\143\211\346\123\321\116\016\140\142\131\015\211\346\123\321}{subsection.3.6}% 23
\BOOKMARK [3][-]{subsubsection.3.6.4}{\376\377\000M\000E\000R\000G\0003\000R\000\040\127\050\137\122\150\143\134\102\116\055\166\204\117\134\165\050}{subsection.3.6}% 24
\BOOKMARK [2][-]{subsection.3.7}{\376\377\215\357\165\061\126\150\377\032\176\337\116\000\173\241\164\006\121\231\121\145\060\001\117\335\165\131\060\001\137\122\150\143\116\016\140\142\131\015}{section.3}% 25
\BOOKMARK [2][-]{subsection.3.8}{\376\377\116\224\147\141\142\200\147\057\176\277\127\050\147\054\230\171\166\356\116\055\166\204\147\000\176\310\122\006\135\345}{section.3}% 26
\BOOKMARK [1][-]{section.4}{\376\377\116\044\176\247\133\236\163\260\215\357\176\277\377\032\147\000\134\017\123\357\210\114\162\110\147\054\116\016\133\214\145\164\162\110\147\054}{}% 27
\BOOKMARK [2][-]{subsection.4.1}{\376\377\147\000\134\017\123\357\210\114\162\110\147\054\377\010\136\372\213\256\121\110\133\214\142\020\377\011}{section.4}% 28
\BOOKMARK [2][-]{subsection.4.2}{\376\377\133\214\145\164\162\110\147\054\377\010\117\134\116\072\142\151\134\125\166\356\150\007\377\011}{section.4}% 29
\BOOKMARK [2][-]{subsection.4.3}{\376\377\210\150\171\072\134\102\173\126\165\145\377\032\121\110\211\343\200\046\174\373\176\337\225\356\230\230\377\014\121\215\200\003\206\121\232\330\145\257\133\236\117\213\123\026}{section.4}% 30
\BOOKMARK [1][-]{section.5}{\376\377\213\255\176\303\116\016\117\030\123\026\173\126\165\145}{}% 31
\BOOKMARK [2][-]{subsection.5.1}{\376\377\226\066\153\265\116\000\377\032\213\255\176\303\145\340\121\163\145\071\220\040}{section.5}% 32
\BOOKMARK [2][-]{subsection.5.2}{\376\377\226\066\153\265\116\214\377\032\202\345\227\000\211\201\121\215\137\025\121\145\213\255\176\303\166\356\150\007}{section.5}% 33
\BOOKMARK [1][-]{section.6}{\376\377\213\304\155\113\145\271\150\110}{}% 34
\BOOKMARK [2][-]{subsection.6.1}{\376\377\000T\000T\000T\0003\000R\000\040\135\362\176\317\213\301\146\016\116\206\116\300\116\110}{section.6}% 35
\BOOKMARK [2][-]{subsection.6.2}{\376\377\127\372\170\100\000\040\000b\000e\000n\000c\000h\000m\000a\000r\000k\000\040\116\016\150\007\121\306\143\007\150\007}{section.6}% 36
\BOOKMARK [2][-]{subsection.6.3}{\376\377\126\333\176\304\225\177\147\037\213\260\137\306\000\040\000s\000t\000r\000e\000s\000s\000\040\000t\000e\000s\000t\000s}{section.6}% 37
\BOOKMARK [3][-]{subsubsection.6.3.1}{\376\377\116\373\122\241\176\304\000\040\0001\377\032\000H\000o\000r\000i\000z\000o\000n\000\040\000S\000c\000a\000l\000i\000n\000g}{subsection.6.3}% 38
\BOOKMARK [3][-]{subsubsection.6.3.2}{\376\377\116\373\122\241\176\304\000\040\0002\377\032\000B\000r\000a\000n\000c\000h\000\040\000D\000i\000s\000a\000m\000b\000i\000g\000u\000a\000t\000i\000o\000n}{subsection.6.3}% 39
\BOOKMARK [3][-]{subsubsection.6.3.3}{\376\377\116\373\122\241\176\304\000\040\0003\377\032\000F\000o\000r\000c\000e\000d\000\040\000B\000a\000c\000k\000t\000r\000a\000c\000k\000i\000n\000g\377\010\165\061\000\040\000H\000i\000d\000d\000e\000n\000\040\000D\000e\000t\000o\000u\000r\000\040\177\373\213\321\200\014\147\145\377\011}{subsection.6.3}% 40
\BOOKMARK [3][-]{subsubsection.6.3.4}{\376\377\116\373\122\241\176\304\000\040\0004\377\032\000R\000e\000v\000i\000s\000i\000t\000\040\000/\000\040\000L\000o\000o\000p\000-\000c\000l\000o\000s\000u\000r\000e}{subsection.6.3}% 41
\BOOKMARK [2][-]{subsection.6.4}{\376\377\155\210\207\215\133\236\232\214\213\276\213\241}{section.6}% 42
\BOOKMARK [2][-]{subsection.6.5}{\376\377\116\072\116\300\116\110\116\015\142\212\000\040\000R\000O\000S\000\040\000b\000a\000g\000\040\142\026\000\040\000I\000s\000a\000a\000c\000L\000a\000b\000\040\117\134\116\072\116\073\213\304\155\113}{section.6}% 43
\BOOKMARK [2][-]{subsection.6.6}{\376\377\142\020\122\237\150\007\121\306}{section.6}% 44
\BOOKMARK [1][-]{section.7}{\376\377\127\050\137\123\122\115\116\343\170\001\136\223\116\055\166\204\204\075\127\060\145\271\150\110}{}% 45
\BOOKMARK [2][-]{subsection.7.1}{\376\377\163\260\147\011\135\345\172\013\127\372\170\100}{section.7}% 46
\BOOKMARK [2][-]{subsection.7.2}{\376\377\136\372\213\256\145\260\130\236\166\204\152\041\127\127\145\207\116\366}{section.7}% 47
\BOOKMARK [2][-]{subsection.7.3}{\376\377\122\006\226\066\153\265\133\236\163\260\213\241\122\022}{section.7}% 48
\BOOKMARK [2][-]{subsection.7.4}{\376\377\147\000\121\110\136\224\133\214\142\020\166\204\116\011\116\366\116\213}{section.7}% 49
\BOOKMARK [1][-]{section.8}{\376\377\230\316\226\151\122\006\147\220\116\016\136\224\133\371\173\126\165\145}{}% 50
\BOOKMARK [2][-]{subsection.8.1}{\376\377\116\073\211\201\230\316\226\151}{section.8}% 51
\BOOKMARK [2][-]{subsection.8.2}{\376\377\230\316\226\151\177\023\211\343}{section.8}% 52
\BOOKMARK [1][-]{section.9}{\376\377\230\204\147\037\215\041\163\056\116\016\147\000\176\310\116\244\116\330}{}% 53
\BOOKMARK [2][-]{subsection.9.1}{\376\377\133\146\147\057\215\041\163\056}{section.9}% 54
\BOOKMARK [2][-]{subsection.9.2}{\376\377\135\345\172\013\116\244\116\330}{section.9}% 55
\BOOKMARK [1][-]{section.10}{\376\377\176\323\213\272}{}% 56
